WdgMtb: ACCESS Conic@ROUND is AVAILABLE (CB)
WdgMtb: ACCESS Conic@ROUND is AVAILABLE (CB)
WdgMtb: ACCESS Conic@ROUND is AVAILABLE (CB)
WdgMtb: ACCESS Conic@ROUND is AVAILABLE (CB)
WdgMtb: ACCESS roundflip@ROUND is unavailable (CB)
WdgMtb: ACCESS Conic@ROUND is AVAILABLE (CB)
WdgMtb: ACCESS roundflip@ROUND is unavailable (CB)
WdgMtb: ACCESS Conic@ROUND is AVAILABLE (CB)
WdgMtb: ACCESS Conic@ROUND is AVAILABLE (CB)
WdgMtb: ACCESS roundflip@ROUND is unavailable (CB)
WdgMtb: ACCESS Conic@ROUND is AVAILABLE (CB)
WdgMtb: ACCESS roundflip@ROUND is unavailable (CB)
WdgMtb: ACCESS Conic@ROUND is AVAILABLE (CB)
WdgMtb: ACCESS roundflip@ROUND is unavailable (CB)
WdgMtb: ACCESS Conic@ROUND is AVAILABLE (CB)
WdgMtb: ACCESS roundflip@ROUND is unavailable (CB)
WdgMtb: ACCESS Conic@ROUND is AVAILABLE (CB)
WdgMtb: ACCESS roundflip@ROUND is unavailable (CB)
WdgMtb: ACCESS Conic@ROUND is AVAILABLE (CB)
WdgMtb: ACCESS roundflip@ROUND is unavailable (CB)
WdgMtb: ACCESS Conic@ROUND is AVAILABLE (CB)
WdgMtb: ACCESS roundflip@ROUND is unavailable (CB)
WdgMtb: ACCESS Conic@ROUND is AVAILABLE (CB)
WdgMtb: ACCESS roundflip@ROUND is unavailable (CB)
WdgMtb: ACCESS Conic@ROUND is AVAILABLE (CB)
WdgMtb: ACCESS roundflip@ROUND is unavailable (CB)
WdgMtb: ACCESS Conic@ROUND is AVAILABLE (CB)
WdgMtb: ACCESS roundflip@ROUND is unavailable (CB)
WdgMtb: ACCESS Conic@ROUND is AVAILABLE (CB)
WdgMtb: ACCESS roundflip@ROUND is unavailable (CB)
WdgMtb: ACCESS Conic@ROUND is AVAILABLE (CB)
WdgMtb: ACCESS roundflip@ROUND is unavailable (CB)
WdgMtb: ACCESS Conic@ROUND is AVAILABLE (CB)
WdgMtb: ACCESS roundflip@ROUND is unavailable (CB)
WdgMtb: ACCESS Conic@ROUND is AVAILABLE (CB)
WdgMtb: ACCESS roundflip@ROUND is unavailable (CB)
WdgMtb: ACCESS Conic@ROUND is AVAILABLE (CB)
WdgMtb: ACCESS roundflip@ROUND is unavailable (CB)
WdgMtb: ACCESS Conic@ROUND is AVAILABLE (CB)
WdgMtb: ACCESS roundflip@ROUND is unavailable (CB)
WdgMtb: ACCESS Conic@ROUND is AVAILABLE (CB)
WdgMtb: ACCESS roundflip@ROUND is unavailable (CB)
WdgMtb: ACCESS Conic@ROUND is AVAILABLE (CB)
WdgMtb: ACCESS roundflip@ROUND is unavailable (CB)
WdgMtb: ACCESS Conic@ROUND is AVAILABLE (CB)
WdgMtb: ACCESS roundflip@ROUND is unavailable (CB)
WdgMtb: ACCESS Conic@ROUND is AVAILABLE (CB)
WdgMtb: ACCESS roundflip@ROUND is unavailable (CB)
WdgMtb: ACCESS Conic@ROUND is AVAILABLE (CB)
WdgMtb: ACCESS roundflip@ROUND is unavailable (CB)
WdgMtb: ACCESS Conic@ROUND is AVAILABLE (CB)
WdgMtb: ACCESS roundflip@ROUND is unavailable (CB)
WdgMtb: ACCESS ShellFlip@SHELL is AVAILABLE (CB)
WdgMtb: ACCESS ShellFlip@SHELL is AVAILABLE (CB)
WdgMtb: ACCESS ShellFlip@SHELL is AVAILABLE (CB)
WdgMtb: ACCESS ShellFlip@SHELL is AVAILABLE (CB)
WdgMtb: ACCESS shp_str_hole_to_dep_typ_omnu@HOLE is AVAILABLE (CB)
WdgMtb: ACCESS shp_str_hole_to_dep_typ_omnu@HOLE is AVAILABLE (CB)
WdgMtb: ACCESS shp_str_hole_to_dep_typ_omnu@HOLE is AVAILABLE (CB)
WdgMtb: ACCESS shp_str_hole_to_dep_typ_omnu@HOLE is AVAILABLE (CB)
WdgMtb: ACCESS shp_str_hole_to_dep_typ_omnu@HOLE is AVAILABLE (CB)
WdgMtb: ACCESS shp_str_hole_to_dep_typ_omnu@HOLE is AVAILABLE (CB)
WdgMtb: ACCESS shp_str_hole_to_dep_typ_omnu@HOLE is AVAILABLE (CB)
WdgMtb: ACCESS shp_str_hole_to_dep_typ_omnu@HOLE is AVAILABLE (CB)
WdgMtb: ACCESS shp_str_hole_to_dep_typ_omnu@HOLE is AVAILABLE (CB)
WdgMtb: ACCESS shp_str_hole_to_dep_typ_omnu@HOLE is AVAILABLE (CB)
WdgMtb: ACCESS solid_surf_rg@EXTRUSION is AVAILABLE (CB)
WdgMtb: ACCESS remove_material_popup@extrev_feature_popup@EXTRUSION is AVAILABLE (CB)
WdgMtb: ACCESS thick_sketch_popup@extrev_feature_popup@EXTRUSION is AVAILABLE (CB)
WdgMtb: ACCESS DefineRmbBtn@extrev_feature_popup@EXTRUSION is invisible (UI)
WdgMtb: ACCESS SketchRmbBtn@extrev_feature_popup@EXTRUSION is AVAILABLE (CB)
WdgMtb: ACCESS add_draft_popup@extrev_feature_popup@EXTRUSION is AVAILABLE (CB)
WdgMtb: ACCESS cap_cb@EXTRUSION is unavailable (CB)
WdgMtb: ACCESS solid_surf_rg@EXTRUSION is AVAILABLE (CB)
WdgMtb: ACCESS remove_material_popup@extrev_feature_popup@EXTRUSION is AVAILABLE (CB)
WdgMtb: ACCESS thick_sketch_popup@extrev_feature_popup@EXTRUSION is AVAILABLE (CB)
WdgMtb: ACCESS DefineRmbBtn@extrev_feature_popup@EXTRUSION is invisible (UI)
WdgMtb: ACCESS SketchRmbBtn@extrev_feature_popup@EXTRUSION is AVAILABLE (CB)
WdgMtb: ACCESS add_draft_popup@extrev_feature_popup@EXTRUSION is AVAILABLE (CB)
WdgMtb: ACCESS cap_cb@EXTRUSION is unavailable (CB)
WdgMtb: ACCESS solid_surf_rg@EXTRUSION is AVAILABLE (CB)
WdgMtb: ACCESS remove_material_popup@extrev_feature_popup@EXTRUSION is AVAILABLE (CB)
WdgMtb: ACCESS thick_sketch_popup@extrev_feature_popup@EXTRUSION is AVAILABLE (CB)
WdgMtb: ACCESS DefineRmbBtn@extrev_feature_popup@EXTRUSION is invisible (UI)
WdgMtb: ACCESS SketchRmbBtn@extrev_feature_popup@EXTRUSION is AVAILABLE (CB)
WdgMtb: ACCESS add_draft_popup@extrev_feature_popup@EXTRUSION is AVAILABLE (CB)
WdgMtb: ACCESS cap_cb@EXTRUSION is unavailable (CB)
WdgMtb: ACCESS solid_surf_rg@EXTRUSION is AVAILABLE (CB)
WdgMtb: ACCESS remove_material_popup@extrev_feature_popup@EXTRUSION is AVAILABLE (CB)
WdgMtb: ACCESS thick_sketch_popup@extrev_feature_popup@EXTRUSION is AVAILABLE (CB)
WdgMtb: ACCESS DefineRmbBtn@extrev_feature_popup@EXTRUSION is invisible (UI)
WdgMtb: ACCESS SketchRmbBtn@extrev_feature_popup@EXTRUSION is AVAILABLE (CB)
WdgMtb: ACCESS add_draft_popup@extrev_feature_popup@EXTRUSION is AVAILABLE (CB)
WdgMtb: ACCESS cap_cb@EXTRUSION is unavailable (CB)
WdgMtb: ACCESS solid_surf_rg@EXTRUSION is AVAILABLE (CB)
WdgMtb: ACCESS remove_material_popup@extrev_feature_popup@EXTRUSION is AVAILABLE (CB)
WdgMtb: ACCESS thick_sketch_popup@extrev_feature_popup@EXTRUSION is AVAILABLE (CB)
WdgMtb: ACCESS DefineRmbBtn@extrev_feature_popup@EXTRUSION is invisible (UI)
WdgMtb: ACCESS SketchRmbBtn@extrev_feature_popup@EXTRUSION is AVAILABLE (CB)
WdgMtb: ACCESS add_draft_popup@extrev_feature_popup@EXTRUSION is AVAILABLE (CB)
WdgMtb: ACCESS cap_cb@EXTRUSION is unavailable (CB)
WdgMtb: ACCESS solid_surf_rg@EXTRUSION is AVAILABLE (CB)
WdgMtb: ACCESS remove_material_popup@extrev_feature_popup@EXTRUSION is AVAILABLE (CB)
WdgMtb: ACCESS thick_sketch_popup@extrev_feature_popup@EXTRUSION is AVAILABLE (CB)
WdgMtb: ACCESS DefineRmbBtn@extrev_feature_popup@EXTRUSION is invisible (UI)
WdgMtb: ACCESS SketchRmbBtn@extrev_feature_popup@EXTRUSION is AVAILABLE (CB)
WdgMtb: ACCESS add_draft_popup@extrev_feature_popup@EXTRUSION is AVAILABLE (CB)
WdgMtb: ACCESS cap_cb@EXTRUSION is unavailable (CB)
WdgMtb: ACCESS solid_surf_rg@EXTRUSION is AVAILABLE (CB)
WdgMtb: ACCESS remove_material_popup@extrev_feature_popup@EXTRUSION is AVAILABLE (CB)
WdgMtb: ACCESS thick_sketch_popup@extrev_feature_popup@EXTRUSION is AVAILABLE (CB)
WdgMtb: ACCESS DefineRmbBtn@extrev_feature_popup@EXTRUSION is invisible (UI)
WdgMtb: ACCESS SketchRmbBtn@extrev_feature_popup@EXTRUSION is AVAILABLE (CB)
WdgMtb: ACCESS add_draft_popup@extrev_feature_popup@EXTRUSION is AVAILABLE (CB)
WdgMtb: ACCESS cap_cb@EXTRUSION is unavailable (CB)
WdgMtb: ACCESS solid_surf_rg@EXTRUSION is AVAILABLE (CB)
WdgMtb: ACCESS remove_material_popup@extrev_feature_popup@EXTRUSION is AVAILABLE (CB)
WdgMtb: ACCESS thick_sketch_popup@extrev_feature_popup@EXTRUSION is AVAILABLE (CB)
WdgMtb: ACCESS DefineRmbBtn@extrev_feature_popup@EXTRUSION is invisible (UI)
WdgMtb: ACCESS SketchRmbBtn@extrev_feature_popup@EXTRUSION is AVAILABLE (CB)
WdgMtb: ACCESS add_draft_popup@extrev_feature_popup@EXTRUSION is AVAILABLE (CB)
WdgMtb: ACCESS cap_cb@EXTRUSION is unavailable (CB)
WdgMtb: ACCESS solid_surf_rg@EXTRUSION is AVAILABLE (CB)
WdgMtb: ACCESS remove_material_popup@extrev_feature_popup@EXTRUSION is AVAILABLE (CB)
WdgMtb: ACCESS thick_sketch_popup@extrev_feature_popup@EXTRUSION is AVAILABLE (CB)
WdgMtb: ACCESS DefineRmbBtn@extrev_feature_popup@EXTRUSION is invisible (UI)
WdgMtb: ACCESS SketchRmbBtn@extrev_feature_popup@EXTRUSION is AVAILABLE (CB)
WdgMtb: ACCESS add_draft_popup@extrev_feature_popup@EXTRUSION is AVAILABLE (CB)
WdgMtb: ACCESS cap_cb@EXTRUSION is unavailable (CB)
WdgMtb: ACCESS solid_surf_rg@EXTRUSION is AVAILABLE (CB)
WdgMtb: ACCESS remove_material_popup@extrev_feature_popup@EXTRUSION is AVAILABLE (CB)
WdgMtb: ACCESS thick_sketch_popup@extrev_feature_popup@EXTRUSION is AVAILABLE (CB)
WdgMtb: ACCESS DefineRmbBtn@extrev_feature_popup@EXTRUSION is invisible (UI)
WdgMtb: ACCESS SketchRmbBtn@extrev_feature_popup@EXTRUSION is AVAILABLE (CB)
WdgMtb: ACCESS add_draft_popup@extrev_feature_popup@EXTRUSION is AVAILABLE (CB)
WdgMtb: ACCESS cap_cb@EXTRUSION is unavailable (CB)
WdgMtb: ACCESS solid_surf_rg@EXTRUSION is AVAILABLE (CB)
WdgMtb: ACCESS remove_material_popup@extrev_feature_popup@EXTRUSION is AVAILABLE (CB)
WdgMtb: ACCESS thick_sketch_popup@extrev_feature_popup@EXTRUSION is AVAILABLE (CB)
WdgMtb: ACCESS DefineRmbBtn@extrev_feature_popup@EXTRUSION is invisible (UI)
WdgMtb: ACCESS SketchRmbBtn@extrev_feature_popup@EXTRUSION is AVAILABLE (CB)
WdgMtb: ACCESS add_draft_popup@extrev_feature_popup@EXTRUSION is AVAILABLE (CB)
WdgMtb: ACCESS cap_cb@EXTRUSION is unavailable (CB)
WdgMtb: ACCESS solid_surf_rg@EXTRUSION is AVAILABLE (CB)
WdgMtb: ACCESS remove_material_popup@extrev_feature_popup@EXTRUSION is AVAILABLE (CB)
WdgMtb: ACCESS thick_sketch_popup@extrev_feature_popup@EXTRUSION is AVAILABLE (CB)
WdgMtb: ACCESS DefineRmbBtn@extrev_feature_popup@EXTRUSION is invisible (UI)
WdgMtb: ACCESS SketchRmbBtn@extrev_feature_popup@EXTRUSION is AVAILABLE (CB)
WdgMtb: ACCESS add_draft_popup@extrev_feature_popup@EXTRUSION is AVAILABLE (CB)
WdgMtb: ACCESS cap_cb@EXTRUSION is unavailable (CB)
WdgMtb: ACCESS solid_surf_rg@EXTRUSION is AVAILABLE (CB)
WdgMtb: ACCESS remove_material_popup@extrev_feature_popup@EXTRUSION is AVAILABLE (CB)
WdgMtb: ACCESS thick_sketch_popup@extrev_feature_popup@EXTRUSION is AVAILABLE (CB)
WdgMtb: ACCESS DefineRmbBtn@extrev_feature_popup@EXTRUSION is invisible (UI)
WdgMtb: ACCESS SketchRmbBtn@extrev_feature_popup@EXTRUSION is AVAILABLE (CB)
WdgMtb: ACCESS add_draft_popup@extrev_feature_popup@EXTRUSION is AVAILABLE (CB)
WdgMtb: ACCESS cap_cb@EXTRUSION is unavailable (CB)
WdgMtb: ACCESS solid_surf_rg@EXTRUSION is AVAILABLE (CB)
WdgMtb: ACCESS remove_material_popup@extrev_feature_popup@EXTRUSION is AVAILABLE (CB)
WdgMtb: ACCESS thick_sketch_popup@extrev_feature_popup@EXTRUSION is AVAILABLE (CB)
WdgMtb: ACCESS DefineRmbBtn@extrev_feature_popup@EXTRUSION is invisible (UI)
WdgMtb: ACCESS SketchRmbBtn@extrev_feature_popup@EXTRUSION is AVAILABLE (CB)
WdgMtb: ACCESS add_draft_popup@extrev_feature_popup@EXTRUSION is AVAILABLE (CB)
WdgMtb: ACCESS cap_cb@EXTRUSION is unavailable (CB)
WdgMtb: ACCESS solid_surf_rg@EXTRUSION is AVAILABLE (CB)
WdgMtb: ACCESS remove_material_popup@extrev_feature_popup@EXTRUSION is AVAILABLE (CB)
WdgMtb: ACCESS thick_sketch_popup@extrev_feature_popup@EXTRUSION is AVAILABLE (CB)
WdgMtb: ACCESS DefineRmbBtn@extrev_feature_popup@EXTRUSION is invisible (UI)
WdgMtb: ACCESS SketchRmbBtn@extrev_feature_popup@EXTRUSION is AVAILABLE (CB)
WdgMtb: ACCESS add_draft_popup@extrev_feature_popup@EXTRUSION is AVAILABLE (CB)
WdgMtb: ACCESS cap_cb@EXTRUSION is unavailable (CB)
WdgMtb: ACCESS solid_surf_rg@EXTRUSION is AVAILABLE (CB)
WdgMtb: ACCESS remove_material_popup@extrev_feature_popup@EXTRUSION is AVAILABLE (CB)
WdgMtb: ACCESS thick_sketch_popup@extrev_feature_popup@EXTRUSION is AVAILABLE (CB)
WdgMtb: ACCESS DefineRmbBtn@extrev_feature_popup@EXTRUSION is invisible (UI)
WdgMtb: ACCESS SketchRmbBtn@extrev_feature_popup@EXTRUSION is AVAILABLE (CB)
WdgMtb: ACCESS add_draft_popup@extrev_feature_popup@EXTRUSION is AVAILABLE (CB)
WdgMtb: ACCESS cap_cb@EXTRUSION is unavailable (CB)
WdgMtb: ACCESS solid_surf_rg@EXTRUSION is AVAILABLE (CB)
WdgMtb: ACCESS remove_material_popup@extrev_feature_popup@EXTRUSION is AVAILABLE (CB)
WdgMtb: ACCESS thick_sketch_popup@extrev_feature_popup@EXTRUSION is AVAILABLE (CB)
WdgMtb: ACCESS DefineRmbBtn@extrev_feature_popup@EXTRUSION is invisible (UI)
WdgMtb: ACCESS SketchRmbBtn@extrev_feature_popup@EXTRUSION is AVAILABLE (CB)
WdgMtb: ACCESS add_draft_popup@extrev_feature_popup@EXTRUSION is AVAILABLE (CB)
WdgMtb: ACCESS cap_cb@EXTRUSION is unavailable (CB)
WdgMtb: ACCESS solid_surf_rg@EXTRUSION is AVAILABLE (CB)
WdgMtb: ACCESS remove_material_popup@extrev_feature_popup@EXTRUSION is AVAILABLE (CB)
WdgMtb: ACCESS thick_sketch_popup@extrev_feature_popup@EXTRUSION is AVAILABLE (CB)
WdgMtb: ACCESS DefineRmbBtn@extrev_feature_popup@EXTRUSION is invisible (UI)
WdgMtb: ACCESS SketchRmbBtn@extrev_feature_popup@EXTRUSION is AVAILABLE (CB)
WdgMtb: ACCESS add_draft_popup@extrev_feature_popup@EXTRUSION is AVAILABLE (CB)
WdgMtb: ACCESS cap_cb@EXTRUSION is unavailable (CB)
WdgMtb: ACCESS solid_surf_rg@EXTRUSION is AVAILABLE (CB)
WdgMtb: ACCESS remove_material_popup@extrev_feature_popup@EXTRUSION is AVAILABLE (CB)
WdgMtb: ACCESS thick_sketch_popup@extrev_feature_popup@EXTRUSION is AVAILABLE (CB)
WdgMtb: ACCESS DefineRmbBtn@extrev_feature_popup@EXTRUSION is invisible (UI)
WdgMtb: ACCESS SketchRmbBtn@extrev_feature_popup@EXTRUSION is AVAILABLE (CB)
WdgMtb: ACCESS add_draft_popup@extrev_feature_popup@EXTRUSION is AVAILABLE (CB)
WdgMtb: ACCESS cap_cb@EXTRUSION is unavailable (CB)
WdgMtb: ACCESS solid_surf_rg@EXTRUSION is AVAILABLE (CB)
WdgMtb: ACCESS remove_material_popup@extrev_feature_popup@EXTRUSION is AVAILABLE (CB)
WdgMtb: ACCESS thick_sketch_popup@extrev_feature_popup@EXTRUSION is AVAILABLE (CB)
WdgMtb: ACCESS DefineRmbBtn@extrev_feature_popup@EXTRUSION is invisible (UI)
WdgMtb: ACCESS SketchRmbBtn@extrev_feature_popup@EXTRUSION is AVAILABLE (CB)
WdgMtb: ACCESS add_draft_popup@extrev_feature_popup@EXTRUSION is AVAILABLE (CB)
WdgMtb: ACCESS cap_cb@EXTRUSION is unavailable (CB)
WdgMtb: ACCESS solid_surf_rg@EXTRUSION is AVAILABLE (CB)
WdgMtb: ACCESS remove_material_popup@extrev_feature_popup@EXTRUSION is AVAILABLE (CB)
WdgMtb: ACCESS thick_sketch_popup@extrev_feature_popup@EXTRUSION is AVAILABLE (CB)
WdgMtb: ACCESS DefineRmbBtn@extrev_feature_popup@EXTRUSION is invisible (UI)
WdgMtb: ACCESS SketchRmbBtn@extrev_feature_popup@EXTRUSION is AVAILABLE (CB)
WdgMtb: ACCESS add_draft_popup@extrev_feature_popup@EXTRUSION is AVAILABLE (CB)
WdgMtb: ACCESS cap_cb@EXTRUSION is unavailable (CB)
WdgMtb: ACCESS solid_surf_rg@EXTRUSION is AVAILABLE (CB)
WdgMtb: ACCESS remove_material_popup@extrev_feature_popup@EXTRUSION is AVAILABLE (CB)
WdgMtb: ACCESS thick_sketch_popup@extrev_feature_popup@EXTRUSION is AVAILABLE (CB)
WdgMtb: ACCESS DefineRmbBtn@extrev_feature_popup@EXTRUSION is invisible (UI)
WdgMtb: ACCESS SketchRmbBtn@extrev_feature_popup@EXTRUSION is AVAILABLE (CB)
WdgMtb: ACCESS add_draft_popup@extrev_feature_popup@EXTRUSION is AVAILABLE (CB)
WdgMtb: ACCESS cap_cb@EXTRUSION is unavailable (CB)
WdgMtb: ACCESS solid_surf_rg@EXTRUSION is AVAILABLE (CB)
WdgMtb: ACCESS remove_material_popup@extrev_feature_popup@EXTRUSION is AVAILABLE (CB)
WdgMtb: ACCESS thick_sketch_popup@extrev_feature_popup@EXTRUSION is AVAILABLE (CB)
WdgMtb: ACCESS DefineRmbBtn@extrev_feature_popup@EXTRUSION is invisible (UI)
WdgMtb: ACCESS SketchRmbBtn@extrev_feature_popup@EXTRUSION is AVAILABLE (CB)
WdgMtb: ACCESS add_draft_popup@extrev_feature_popup@EXTRUSION is AVAILABLE (CB)
WdgMtb: ACCESS cap_cb@EXTRUSION is unavailable (CB)
WdgMtb: ACCESS solid_surf_rg@EXTRUSION is AVAILABLE (CB)
WdgMtb: ACCESS remove_material_popup@extrev_feature_popup@EXTRUSION is AVAILABLE (CB)
WdgMtb: ACCESS thick_sketch_popup@extrev_feature_popup@EXTRUSION is AVAILABLE (CB)
WdgMtb: ACCESS DefineRmbBtn@extrev_feature_popup@EXTRUSION is invisible (UI)
WdgMtb: ACCESS SketchRmbBtn@extrev_feature_popup@EXTRUSION is AVAILABLE (CB)
WdgMtb: ACCESS add_draft_popup@extrev_feature_popup@EXTRUSION is AVAILABLE (CB)
WdgMtb: ACCESS cap_cb@EXTRUSION is unavailable (CB)
WdgMtb: ACCESS solid_surf_rg@EXTRUSION is AVAILABLE (CB)
WdgMtb: ACCESS remove_material_popup@extrev_feature_popup@EXTRUSION is AVAILABLE (CB)
WdgMtb: ACCESS thick_sketch_popup@extrev_feature_popup@EXTRUSION is AVAILABLE (CB)
WdgMtb: ACCESS DefineRmbBtn@extrev_feature_popup@EXTRUSION is invisible (UI)
WdgMtb: ACCESS SketchRmbBtn@extrev_feature_popup@EXTRUSION is AVAILABLE (CB)
WdgMtb: ACCESS add_draft_popup@extrev_feature_popup@EXTRUSION is AVAILABLE (CB)
WdgMtb: ACCESS cap_cb@EXTRUSION is unavailable (CB)
WdgMtb: ACCESS solid_surf_rg@EXTRUSION is AVAILABLE (CB)
WdgMtb: ACCESS remove_material_popup@extrev_feature_popup@EXTRUSION is AVAILABLE (CB)
WdgMtb: ACCESS thick_sketch_popup@extrev_feature_popup@EXTRUSION is AVAILABLE (CB)
WdgMtb: ACCESS DefineRmbBtn@extrev_feature_popup@EXTRUSION is invisible (UI)
WdgMtb: ACCESS SketchRmbBtn@extrev_feature_popup@EXTRUSION is AVAILABLE (CB)
WdgMtb: ACCESS add_draft_popup@extrev_feature_popup@EXTRUSION is AVAILABLE (CB)
WdgMtb: ACCESS cap_cb@EXTRUSION is unavailable (CB)
WdgMtb: ACCESS solid_surf_rg@EXTRUSION is AVAILABLE (CB)
WdgMtb: ACCESS remove_material_popup@extrev_feature_popup@EXTRUSION is AVAILABLE (CB)
WdgMtb: ACCESS thick_sketch_popup@extrev_feature_popup@EXTRUSION is AVAILABLE (CB)
WdgMtb: ACCESS DefineRmbBtn@extrev_feature_popup@EXTRUSION is invisible (UI)
WdgMtb: ACCESS SketchRmbBtn@extrev_feature_popup@EXTRUSION is AVAILABLE (CB)
WdgMtb: ACCESS add_draft_popup@extrev_feature_popup@EXTRUSION is AVAILABLE (CB)
WdgMtb: ACCESS cap_cb@EXTRUSION is unavailable (CB)
WdgMtb: ACCESS solid_surf_rg@EXTRUSION is AVAILABLE (CB)
WdgMtb: ACCESS remove_material_popup@extrev_feature_popup@EXTRUSION is AVAILABLE (CB)
WdgMtb: ACCESS thick_sketch_popup@extrev_feature_popup@EXTRUSION is AVAILABLE (CB)
WdgMtb: ACCESS DefineRmbBtn@extrev_feature_popup@EXTRUSION is invisible (UI)
WdgMtb: ACCESS SketchRmbBtn@extrev_feature_popup@EXTRUSION is AVAILABLE (CB)
WdgMtb: ACCESS add_draft_popup@extrev_feature_popup@EXTRUSION is AVAILABLE (CB)
WdgMtb: ACCESS cap_cb@EXTRUSION is unavailable (CB)
WdgMtb: ACCESS solid_surf_rg@EXTRUSION is AVAILABLE (CB)
WdgMtb: ACCESS remove_material_popup@extrev_feature_popup@EXTRUSION is AVAILABLE (CB)
WdgMtb: ACCESS thick_sketch_popup@extrev_feature_popup@EXTRUSION is AVAILABLE (CB)
WdgMtb: ACCESS DefineRmbBtn@extrev_feature_popup@EXTRUSION is invisible (UI)
WdgMtb: ACCESS SketchRmbBtn@extrev_feature_popup@EXTRUSION is AVAILABLE (CB)
WdgMtb: ACCESS add_draft_popup@extrev_feature_popup@EXTRUSION is AVAILABLE (CB)
WdgMtb: ACCESS cap_cb@EXTRUSION is unavailable (CB)
WdgMtb: ACCESS solid_surf_rg@EXTRUSION is AVAILABLE (CB)
WdgMtb: ACCESS remove_material_popup@extrev_feature_popup@EXTRUSION is AVAILABLE (CB)
WdgMtb: ACCESS thick_sketch_popup@extrev_feature_popup@EXTRUSION is AVAILABLE (CB)
WdgMtb: ACCESS DefineRmbBtn@extrev_feature_popup@EXTRUSION is invisible (UI)
WdgMtb: ACCESS SketchRmbBtn@extrev_feature_popup@EXTRUSION is AVAILABLE (CB)
WdgMtb: ACCESS add_draft_popup@extrev_feature_popup@EXTRUSION is AVAILABLE (CB)
WdgMtb: ACCESS cap_cb@EXTRUSION is unavailable (CB)
WdgMtb: ACCESS solid_surf_rg@EXTRUSION is AVAILABLE (CB)
WdgMtb: ACCESS remove_material_popup@extrev_feature_popup@EXTRUSION is AVAILABLE (CB)
WdgMtb: ACCESS thick_sketch_popup@extrev_feature_popup@EXTRUSION is AVAILABLE (CB)
WdgMtb: ACCESS DefineRmbBtn@extrev_feature_popup@EXTRUSION is invisible (UI)
WdgMtb: ACCESS SketchRmbBtn@extrev_feature_popup@EXTRUSION is AVAILABLE (CB)
WdgMtb: ACCESS add_draft_popup@extrev_feature_popup@EXTRUSION is AVAILABLE (CB)
WdgMtb: ACCESS cap_cb@EXTRUSION is unavailable (CB)
WdgMtb: ACCESS solid_surf_rg@EXTRUSION is AVAILABLE (CB)
WdgMtb: ACCESS remove_material_popup@extrev_feature_popup@EXTRUSION is AVAILABLE (CB)
WdgMtb: ACCESS thick_sketch_popup@extrev_feature_popup@EXTRUSION is AVAILABLE (CB)
WdgMtb: ACCESS DefineRmbBtn@extrev_feature_popup@EXTRUSION is invisible (UI)
WdgMtb: ACCESS SketchRmbBtn@extrev_feature_popup@EXTRUSION is AVAILABLE (CB)
WdgMtb: ACCESS add_draft_popup@extrev_feature_popup@EXTRUSION is AVAILABLE (CB)
WdgMtb: ACCESS cap_cb@EXTRUSION is unavailable (CB)
WdgMtb: ACCESS solid_surf_rg@EXTRUSION is AVAILABLE (CB)
WdgMtb: ACCESS remove_material_popup@extrev_feature_popup@EXTRUSION is AVAILABLE (CB)
WdgMtb: ACCESS thick_sketch_popup@extrev_feature_popup@EXTRUSION is AVAILABLE (CB)
WdgMtb: ACCESS DefineRmbBtn@extrev_feature_popup@EXTRUSION is invisible (UI)
WdgMtb: ACCESS SketchRmbBtn@extrev_feature_popup@EXTRUSION is AVAILABLE (CB)
WdgMtb: ACCESS add_draft_popup@extrev_feature_popup@EXTRUSION is AVAILABLE (CB)
WdgMtb: ACCESS cap_cb@EXTRUSION is unavailable (CB)
WdgMtb: ACCESS solid_surf_rg@EXTRUSION is AVAILABLE (CB)
WdgMtb: ACCESS remove_material_popup@extrev_feature_popup@EXTRUSION is AVAILABLE (CB)
WdgMtb: ACCESS thick_sketch_popup@extrev_feature_popup@EXTRUSION is AVAILABLE (CB)
WdgMtb: ACCESS DefineRmbBtn@extrev_feature_popup@EXTRUSION is invisible (UI)
WdgMtb: ACCESS SketchRmbBtn@extrev_feature_popup@EXTRUSION is AVAILABLE (CB)
WdgMtb: ACCESS add_draft_popup@extrev_feature_popup@EXTRUSION is AVAILABLE (CB)
WdgMtb: ACCESS cap_cb@EXTRUSION is unavailable (CB)
WdgMtb: ACCESS solid_surf_rg@EXTRUSION is AVAILABLE (CB)
WdgMtb: ACCESS remove_material_popup@extrev_feature_popup@EXTRUSION is AVAILABLE (CB)
WdgMtb: ACCESS thick_sketch_popup@extrev_feature_popup@EXTRUSION is AVAILABLE (CB)
WdgMtb: ACCESS DefineRmbBtn@extrev_feature_popup@EXTRUSION is invisible (UI)
WdgMtb: ACCESS SketchRmbBtn@extrev_feature_popup@EXTRUSION is AVAILABLE (CB)
WdgMtb: ACCESS add_draft_popup@extrev_feature_popup@EXTRUSION is AVAILABLE (CB)
WdgMtb: ACCESS cap_cb@EXTRUSION is unavailable (CB)
WdgMtb: ACCESS solid_surf_rg@EXTRUSION is AVAILABLE (CB)
WdgMtb: ACCESS remove_material_popup@extrev_feature_popup@EXTRUSION is AVAILABLE (CB)
WdgMtb: ACCESS thick_sketch_popup@extrev_feature_popup@EXTRUSION is AVAILABLE (CB)
WdgMtb: ACCESS DefineRmbBtn@extrev_feature_popup@EXTRUSION is invisible (UI)
WdgMtb: ACCESS SketchRmbBtn@extrev_feature_popup@EXTRUSION is AVAILABLE (CB)
WdgMtb: ACCESS add_draft_popup@extrev_feature_popup@EXTRUSION is AVAILABLE (CB)
WdgMtb: ACCESS cap_cb@EXTRUSION is unavailable (CB)
WdgMtb: ACCESS solid_surf_rg@EXTRUSION is AVAILABLE (CB)
WdgMtb: ACCESS remove_material_popup@extrev_feature_popup@EXTRUSION is AVAILABLE (CB)
WdgMtb: ACCESS thick_sketch_popup@extrev_feature_popup@EXTRUSION is AVAILABLE (CB)
WdgMtb: ACCESS DefineRmbBtn@extrev_feature_popup@EXTRUSION is invisible (UI)
WdgMtb: ACCESS SketchRmbBtn@extrev_feature_popup@EXTRUSION is AVAILABLE (CB)
WdgMtb: ACCESS add_draft_popup@extrev_feature_popup@EXTRUSION is AVAILABLE (CB)
WdgMtb: ACCESS cap_cb@EXTRUSION is unavailable (CB)
WdgMtb: ACCESS solid_surf_rg@EXTRUSION is AVAILABLE (CB)
WdgMtb: ACCESS remove_material_popup@extrev_feature_popup@EXTRUSION is AVAILABLE (CB)
WdgMtb: ACCESS thick_sketch_popup@extrev_feature_popup@EXTRUSION is AVAILABLE (CB)
WdgMtb: ACCESS DefineRmbBtn@extrev_feature_popup@EXTRUSION is invisible (UI)
WdgMtb: ACCESS SketchRmbBtn@extrev_feature_popup@EXTRUSION is AVAILABLE (CB)
WdgMtb: ACCESS add_draft_popup@extrev_feature_popup@EXTRUSION is AVAILABLE (CB)
WdgMtb: ACCESS cap_cb@EXTRUSION is unavailable (CB)
WdgMtb: ACCESS solid_surf_rg@EXTRUSION is AVAILABLE (CB)
WdgMtb: ACCESS remove_material_popup@extrev_feature_popup@EXTRUSION is AVAILABLE (CB)
WdgMtb: ACCESS thick_sketch_popup@extrev_feature_popup@EXTRUSION is AVAILABLE (CB)
WdgMtb: ACCESS DefineRmbBtn@extrev_feature_popup@EXTRUSION is invisible (UI)
WdgMtb: ACCESS SketchRmbBtn@extrev_feature_popup@EXTRUSION is AVAILABLE (CB)
WdgMtb: ACCESS add_draft_popup@extrev_feature_popup@EXTRUSION is AVAILABLE (CB)
WdgMtb: ACCESS cap_cb@EXTRUSION is unavailable (CB)
WdgMtb: ACCESS solid_surf_rg@EXTRUSION is AVAILABLE (CB)
WdgMtb: ACCESS remove_material_popup@extrev_feature_popup@EXTRUSION is AVAILABLE (CB)
WdgMtb: ACCESS thick_sketch_popup@extrev_feature_popup@EXTRUSION is AVAILABLE (CB)
WdgMtb: ACCESS DefineRmbBtn@extrev_feature_popup@EXTRUSION is invisible (UI)
WdgMtb: ACCESS SketchRmbBtn@extrev_feature_popup@EXTRUSION is AVAILABLE (CB)
WdgMtb: ACCESS add_draft_popup@extrev_feature_popup@EXTRUSION is AVAILABLE (CB)
WdgMtb: ACCESS cap_cb@EXTRUSION is unavailable (CB)
WdgMtb: ACCESS solid_surf_rg@EXTRUSION is AVAILABLE (CB)
WdgMtb: ACCESS remove_material_popup@extrev_feature_popup@EXTRUSION is AVAILABLE (CB)
WdgMtb: ACCESS thick_sketch_popup@extrev_feature_popup@EXTRUSION is AVAILABLE (CB)
WdgMtb: ACCESS DefineRmbBtn@extrev_feature_popup@EXTRUSION is invisible (UI)
WdgMtb: ACCESS SketchRmbBtn@extrev_feature_popup@EXTRUSION is AVAILABLE (CB)
WdgMtb: ACCESS add_draft_popup@extrev_feature_popup@EXTRUSION is AVAILABLE (CB)
WdgMtb: ACCESS cap_cb@EXTRUSION is unavailable (CB)
WdgMtb: ACCESS depth1_om@EXTRUSION is AVAILABLE (CB)
WdgMtb: ACCESS depth1_om@EXTRUSION is AVAILABLE (CB)
WdgMtb: ACCESS depth1_om@EXTRUSION is AVAILABLE (CB)
WdgMtb: ACCESS depth1_om@EXTRUSION is AVAILABLE (CB)
WdgMtb: ACCESS depth2_set_popup@extrev_feature_popup@EXTRUSION is AVAILABLE (CB)
WdgMtb: ACCESS depth1_om@EXTRUSION is AVAILABLE (CB)
WdgMtb: ACCESS depth2_set_popup@extrev_feature_popup@EXTRUSION is AVAILABLE (CB)
WdgMtb: ACCESS depth1_om@EXTRUSION is AVAILABLE (CB)
WdgMtb: ACCESS depth2_set_popup@extrev_feature_popup@EXTRUSION is AVAILABLE (CB)
WdgMtb: ACCESS depth1_om@EXTRUSION is AVAILABLE (CB)
WdgMtb: ACCESS depth2_set_popup@extrev_feature_popup@EXTRUSION is AVAILABLE (CB)
WdgMtb: ACCESS depth1_om@EXTRUSION is AVAILABLE (CB)
WdgMtb: ACCESS depth2_set_popup@extrev_feature_popup@EXTRUSION is AVAILABLE (CB)
WdgMtb: ACCESS depth1_om@EXTRUSION is AVAILABLE (CB)
WdgMtb: ACCESS depth2_set_popup@extrev_feature_popup@EXTRUSION is AVAILABLE (CB)
gdi32_comm_shutdown wait for polling thread timed out.
